Test (2A): initial election ...
2022/08/28 /Users/shangxiuneng/6.824/src/raft/raft.go:430: logID = 8416992125786430313,raft id = 0 timeout, current term 0,current status follower
2022/08/28 /Users/shangxiuneng/6.824/src/raft/raft.go:381: id = 2,logID = 8416992125786430313,ok = true, reply = {false 0 0} args = {1 0}
2022/08/28 /Users/shangxiuneng/6.824/src/raft/raft.go:381: id = 1,logID = 8416992125786430313,ok = true, reply = {false 0 0} args = {1 0}
2022/08/28 /Users/shangxiuneng/6.824/src/raft/raft.go:430: logID = 8416992125786430313,raft id = 0 timeout, current term 1,current status candidate
2022/08/28 /Users/shangxiuneng/6.824/src/raft/raft.go:381: id = 2,logID = 8416992125786430313,ok = true, reply = {false 0 0} args = {2 0}
2022/08/28 /Users/shangxiuneng/6.824/src/raft/raft.go:381: id = 1,logID = 8416992125786430313,ok = true, reply = {false 0 0} args = {2 0}
2022/08/28 /Users/shangxiuneng/6.824/src/raft/raft.go:430: logID = 8416992125786430313,raft id = 0 timeout, current term 2,current status candidate
2022/08/28 /Users/shangxiuneng/6.824/src/raft/raft.go:381: id = 2,logID = 8416992125786430313,ok = true, reply = {false 0 0} args = {3 0}
2022/08/28 /Users/shangxiuneng/6.824/src/raft/raft.go:381: id = 1,logID = 8416992125786430313,ok = true, reply = {false 0 0} args = {3 0}
2022/08/28 /Users/shangxiuneng/6.824/src/raft/raft.go:430: logID = 8416992125786430313,raft id = 0 timeout, current term 3,current status candidate
2022/08/28 /Users/shangxiuneng/6.824/src/raft/raft.go:430: logID = 4168506442670550221,raft id = 1 timeout, current term 0,current status follower
2022/08/28 /Users/shangxiuneng/6.824/src/raft/raft.go:381: id = 2,logID = 8416992125786430313,ok = true, reply = {false 0 0} args = {4 0}
2022/08/28 /Users/shangxiuneng/6.824/src/raft/raft.go:381: id = 1,logID = 8416992125786430313,ok = true, reply = {false 1 0} args = {4 0}
2022/08/28 /Users/shangxiuneng/6.824/src/raft/raft.go:186: logID = 8416992125786430313,curID = 0 curTerm = 4,argsID = 1,argsTerm = 1
2022/08/28 /Users/shangxiuneng/6.824/src/raft/raft.go:381: id = 2,logID = 4168506442670550221,ok = true, reply = {false 0 0} args = {1 1}
2022/08/28 /Users/shangxiuneng/6.824/src/raft/raft.go:381: id = 0,logID = 4168506442670550221,ok = true, reply = {false 4 0} args = {1 1}
2022/08/28 /Users/shangxiuneng/6.824/src/raft/raft.go:430: logID = 8416992125786430313,raft id = 0 timeout, current term 4,current status candidate
2022/08/28 /Users/shangxiuneng/6.824/src/raft/raft.go:430: logID = 4168506442670550221,raft id = 1 timeout, current term 1,current status candidate
2022/08/28 /Users/shangxiuneng/6.824/src/raft/raft.go:186: logID = 8416992125786430313,curID = 0 curTerm = 5,argsID = 1,argsTerm = 2
2022/08/28 /Users/shangxiuneng/6.824/src/raft/raft.go:381: id = 2,logID = 8416992125786430313,ok = true, reply = {false 0 0} args = {5 0}
2022/08/28 /Users/shangxiuneng/6.824/src/raft/raft.go:381: id = 1,logID = 8416992125786430313,ok = true, reply = {false 2 0} args = {5 0}
2022/08/28 /Users/shangxiuneng/6.824/src/raft/raft.go:381: id = 0,logID = 4168506442670550221,ok = true, reply = {false 5 0} args = {2 1}
2022/08/28 /Users/shangxiuneng/6.824/src/raft/raft.go:381: id = 2,logID = 4168506442670550221,ok = true, reply = {false 0 0} args = {2 1}
2022/08/28 /Users/shangxiuneng/6.824/src/raft/raft.go:430: logID = 4168506442670550221,raft id = 1 timeout, current term 2,current status candidate
2022/08/28 /Users/shangxiuneng/6.824/src/raft/raft.go:430: logID = 8416992125786430313,raft id = 0 timeout, current term 5,current status candidate
2022/08/28 /Users/shangxiuneng/6.824/src/raft/raft.go:381: id = 2,logID = 4168506442670550221,ok = true, reply = {false 0 0} args = {3 1}
2022/08/28 /Users/shangxiuneng/6.824/src/raft/raft.go:381: id = 2,logID = 8416992125786430313,ok = true, reply = {false 0 0} args = {6 0}
2022/08/28 /Users/shangxiuneng/6.824/src/raft/raft.go:186: logID = 8416992125786430313,curID = 0 curTerm = 6,argsID = 1,argsTerm = 3
2022/08/28 /Users/shangxiuneng/6.824/src/raft/raft.go:381: id = 1,logID = 8416992125786430313,ok = true, reply = {false 3 0} args = {6 0}
2022/08/28 /Users/shangxiuneng/6.824/src/raft/raft.go:381: id = 0,logID = 4168506442670550221,ok = true, reply = {false 6 0} args = {3 1}
2022/08/28 /Users/shangxiuneng/6.824/src/raft/raft.go:430: logID = 8416992125786430313,raft id = 0 timeout, current term 6,current status candidate
2022/08/28 /Users/shangxiuneng/6.824/src/raft/raft.go:430: logID = 4168506442670550221,raft id = 1 timeout, current term 3,current status candidate
2022/08/28 /Users/shangxiuneng/6.824/src/raft/raft.go:381: id = 2,logID = 8416992125786430313,ok = true, reply = {false 0 0} args = {7 0}
2022/08/28 /Users/shangxiuneng/6.824/src/raft/raft.go:186: logID = 8416992125786430313,curID = 0 curTerm = 7,argsID = 1,argsTerm = 4
2022/08/28 /Users/shangxiuneng/6.824/src/raft/raft.go:381: id = 1,logID = 8416992125786430313,ok = true, reply = {false 4 0} args = {7 0}
2022/08/28 /Users/shangxiuneng/6.824/src/raft/raft.go:381: id = 2,logID = 4168506442670550221,ok = true, reply = {false 0 0} args = {4 1}
2022/08/28 /Users/shangxiuneng/6.824/src/raft/raft.go:381: id = 0,logID = 4168506442670550221,ok = true, reply = {false 7 0} args = {4 1}
2022/08/28 /Users/shangxiuneng/6.824/src/raft/raft.go:430: logID = 8416992125786430313,raft id = 0 timeout, current term 7,current status candidate
2022/08/28 /Users/shangxiuneng/6.824/src/raft/raft.go:430: logID = 4168506442670550221,raft id = 1 timeout, current term 4,current status candidate
2022/08/28 /Users/shangxiuneng/6.824/src/raft/raft.go:381: id = 2,logID = 8416992125786430313,ok = true, reply = {false 0 0} args = {8 0}
2022/08/28 /Users/shangxiuneng/6.824/src/raft/raft.go:186: logID = 8416992125786430313,curID = 0 curTerm = 8,argsID = 1,argsTerm = 5
2022/08/28 /Users/shangxiuneng/6.824/src/raft/raft.go:381: id = 2,logID = 4168506442670550221,ok = true, reply = {false 0 0} args = {5 1}
2022/08/28 /Users/shangxiuneng/6.824/src/raft/raft.go:381: id = 1,logID = 8416992125786430313,ok = true, reply = {false 5 0} args = {8 0}
2022/08/28 /Users/shangxiuneng/6.824/src/raft/raft.go:381: id = 0,logID = 4168506442670550221,ok = true, reply = {false 8 0} args = {5 1}
2022/08/28 /Users/shangxiuneng/6.824/src/raft/raft.go:430: logID = 8416992125786430313,raft id = 0 timeout, current term 8,current status candidate
2022/08/28 /Users/shangxiuneng/6.824/src/raft/raft.go:430: logID = 4168506442670550221,raft id = 1 timeout, current term 5,current status candidate
2022/08/28 /Users/shangxiuneng/6.824/src/raft/raft.go:430: logID = 5784832796236552329,raft id = 2 timeout, current term 0,current status follower
2022/08/28 /Users/shangxiuneng/6.824/src/raft/raft.go:186: logID = 8416992125786430313,curID = 0 curTerm = 9,argsID = 1,argsTerm = 6
2022/08/28 /Users/shangxiuneng/6.824/src/raft/raft.go:381: id = 1,logID = 8416992125786430313,ok = true, reply = {false 6 0} args = {9 0}
2022/08/28 /Users/shangxiuneng/6.824/src/raft/raft.go:186: logID = 4168506442670550221,curID = 1 curTerm = 6,argsID = 2,argsTerm = 1
2022/08/28 /Users/shangxiuneng/6.824/src/raft/raft.go:381: id = 2,logID = 4168506442670550221,ok = true, reply = {false 1 0} args = {6 1}
2022/08/28 /Users/shangxiuneng/6.824/src/raft/raft.go:381: id = 0,logID = 4168506442670550221,ok = true, reply = {false 9 0} args = {6 1}
2022/08/28 /Users/shangxiuneng/6.824/src/raft/raft.go:186: logID = 8416992125786430313,curID = 0 curTerm = 9,argsID = 2,argsTerm = 1
2022/08/28 /Users/shangxiuneng/6.824/src/raft/raft.go:381: id = 1,logID = 5784832796236552329,ok = true, reply = {false 6 1} args = {1 2}
2022/08/28 /Users/shangxiuneng/6.824/src/raft/raft.go:381: id = 2,logID = 8416992125786430313,ok = true, reply = {false 0 0} args = {9 0}
2022/08/28 /Users/shangxiuneng/6.824/src/raft/raft.go:381: id = 0,logID = 5784832796236552329,ok = true, reply = {false 9 0} args = {1 2}
2022/08/28 /Users/shangxiuneng/6.824/src/raft/raft.go:430: logID = 8416992125786430313,raft id = 0 timeout, current term 9,current status candidate
2022/08/28 /Users/shangxiuneng/6.824/src/raft/raft.go:430: logID = 4168506442670550221,raft id = 1 timeout, current term 6,current status candidate
2022/08/28 /Users/shangxiuneng/6.824/src/raft/raft.go:430: logID = 5784832796236552329,raft id = 2 timeout, current term 1,current status candidate
2022/08/28 /Users/shangxiuneng/6.824/src/raft/raft.go:381: id = 2,logID = 8416992125786430313,ok = true, reply = {false 1 0} args = {10 0}
2022/08/28 /Users/shangxiuneng/6.824/src/raft/raft.go:381: id = 1,logID = 8416992125786430313,ok = true, reply = {false 7 0} args = {10 0}
2022/08/28 /Users/shangxiuneng/6.824/src/raft/raft.go:186: logID = 4168506442670550221,curID = 1 curTerm = 7,argsID = 2,argsTerm = 2
2022/08/28 /Users/shangxiuneng/6.824/src/raft/raft.go:381: id = 2,logID = 4168506442670550221,ok = true, reply = {false 2 0} args = {7 1}
2022/08/28 /Users/shangxiuneng/6.824/src/raft/raft.go:186: logID = 8416992125786430313,curID = 0 curTerm = 10,argsID = 2,argsTerm = 2
2022/08/28 /Users/shangxiuneng/6.824/src/raft/raft.go:186: logID = 8416992125786430313,curID = 0 curTerm = 10,argsID = 1,argsTerm = 7
2022/08/28 /Users/shangxiuneng/6.824/src/raft/raft.go:381: id = 1,logID = 5784832796236552329,ok = true, reply = {false 7 1} args = {2 2}
2022/08/28 /Users/shangxiuneng/6.824/src/raft/raft.go:381: id = 0,logID = 5784832796236552329,ok = true, reply = {false 10 0} args = {2 2}
2022/08/28 /Users/shangxiuneng/6.824/src/raft/raft.go:381: id = 0,logID = 4168506442670550221,ok = true, reply = {false 10 0} args = {7 1}
2022/08/28 /Users/shangxiuneng/6.824/src/raft/raft.go:430: logID = 4168506442670550221,raft id = 1 timeout, current term 7,current status candidate
2022/08/28 /Users/shangxiuneng/6.824/src/raft/raft.go:430: logID = 8416992125786430313,raft id = 0 timeout, current term 10,current status candidate
2022/08/28 /Users/shangxiuneng/6.824/src/raft/raft.go:430: logID = 5784832796236552329,raft id = 2 timeout, current term 2,current status candidate
2022/08/28 /Users/shangxiuneng/6.824/src/raft/raft.go:381: id = 2,logID = 4168506442670550221,ok = true, reply = {false 2 0} args = {8 1}
2022/08/28 /Users/shangxiuneng/6.824/src/raft/raft.go:381: id = 2,logID = 8416992125786430313,ok = true, reply = {false 3 0} args = {11 0}
2022/08/28 /Users/shangxiuneng/6.824/src/raft/raft.go:186: logID = 8416992125786430313,curID = 0 curTerm = 11,argsID = 1,argsTerm = 8
2022/08/28 /Users/shangxiuneng/6.824/src/raft/raft.go:186: logID = 4168506442670550221,curID = 1 curTerm = 8,argsID = 2,argsTerm = 3
2022/08/28 /Users/shangxiuneng/6.824/src/raft/raft.go:186: logID = 8416992125786430313,curID = 0 curTerm = 11,argsID = 2,argsTerm = 3
2022/08/28 /Users/shangxiuneng/6.824/src/raft/raft.go:381: id = 0,logID = 4168506442670550221,ok = true, reply = {false 11 0} args = {8 1}
2022/08/28 /Users/shangxiuneng/6.824/src/raft/raft.go:381: id = 1,logID = 5784832796236552329,ok = true, reply = {false 8 1} args = {3 2}
2022/08/28 /Users/shangxiuneng/6.824/src/raft/raft.go:381: id = 0,logID = 5784832796236552329,ok = true, reply = {false 11 0} args = {3 2}
2022/08/28 /Users/shangxiuneng/6.824/src/raft/raft.go:381: id = 1,logID = 8416992125786430313,ok = true, reply = {false 8 0} args = {11 0}
2022/08/28 /Users/shangxiuneng/6.824/src/raft/raft.go:430: logID = 5784832796236552329,raft id = 2 timeout, current term 3,current status candidate
2022/08/28 /Users/shangxiuneng/6.824/src/raft/raft.go:430: logID = 4168506442670550221,raft id = 1 timeout, current term 8,current status candidate
2022/08/28 /Users/shangxiuneng/6.824/src/raft/raft.go:430: logID = 8416992125786430313,raft id = 0 timeout, current term 11,current status candidate
2022/08/28 /Users/shangxiuneng/6.824/src/raft/raft.go:186: logID = 8416992125786430313,curID = 0 curTerm = 12,argsID = 1,argsTerm = 9
2022/08/28 /Users/shangxiuneng/6.824/src/raft/raft.go:186: logID = 8416992125786430313,curID = 0 curTerm = 12,argsID = 2,argsTerm = 4
2022/08/28 /Users/shangxiuneng/6.824/src/raft/raft.go:381: id = 2,logID = 4168506442670550221,ok = true, reply = {false 4 0} args = {9 1}
2022/08/28 /Users/shangxiuneng/6.824/src/raft/raft.go:381: id = 0,logID = 4168506442670550221,ok = true, reply = {false 12 0} args = {9 1}
2022/08/28 /Users/shangxiuneng/6.824/src/raft/raft.go:186: logID = 4168506442670550221,curID = 1 curTerm = 9,argsID = 2,argsTerm = 4
2022/08/28 /Users/shangxiuneng/6.824/src/raft/raft.go:381: id = 0,logID = 5784832796236552329,ok = true, reply = {false 12 0} args = {4 2}
2022/08/28 /Users/shangxiuneng/6.824/src/raft/raft.go:381: id = 2,logID = 8416992125786430313,ok = true, reply = {false 4 0} args = {12 0}
2022/08/28 /Users/shangxiuneng/6.824/src/raft/raft.go:381: id = 1,logID = 5784832796236552329,ok = true, reply = {false 9 1} args = {4 2}
2022/08/28 /Users/shangxiuneng/6.824/src/raft/raft.go:381: id = 1,logID = 8416992125786430313,ok = true, reply = {false 9 0} args = {12 0}
2022/08/28 /Users/shangxiuneng/6.824/src/raft/raft.go:430: logID = 5784832796236552329,raft id = 2 timeout, current term 4,current status candidate
2022/08/28 /Users/shangxiuneng/6.824/src/raft/raft.go:430: logID = 4168506442670550221,raft id = 1 timeout, current term 9,current status candidate
2022/08/28 /Users/shangxiuneng/6.824/src/raft/raft.go:430: logID = 8416992125786430313,raft id = 0 timeout, current term 12,current status candidate
2022/08/28 /Users/shangxiuneng/6.824/src/raft/raft.go:186: logID = 4168506442670550221,curID = 1 curTerm = 10,argsID = 2,argsTerm = 5
2022/08/28 /Users/shangxiuneng/6.824/src/raft/raft.go:186: logID = 8416992125786430313,curID = 0 curTerm = 13,argsID = 2,argsTerm = 5
2022/08/28 /Users/shangxiuneng/6.824/src/raft/raft.go:381: id = 1,logID = 5784832796236552329,ok = true, reply = {false 10 1} args = {5 2}
2022/08/28 /Users/shangxiuneng/6.824/src/raft/raft.go:381: id = 0,logID = 5784832796236552329,ok = true, reply = {false 13 0} args = {5 2}
2022/08/28 /Users/shangxiuneng/6.824/src/raft/raft.go:186: logID = 8416992125786430313,curID = 0 curTerm = 13,argsID = 1,argsTerm = 10
2022/08/28 /Users/shangxiuneng/6.824/src/raft/raft.go:381: id = 0,logID = 4168506442670550221,ok = true, reply = {false 13 0} args = {10 1}
2022/08/28 /Users/shangxiuneng/6.824/src/raft/raft.go:381: id = 2,logID = 4168506442670550221,ok = true, reply = {false 5 0} args = {10 1}
2022/08/28 /Users/shangxiuneng/6.824/src/raft/raft.go:381: id = 2,logID = 8416992125786430313,ok = true, reply = {false 5 0} args = {13 0}
2022/08/28 /Users/shangxiuneng/6.824/src/raft/raft.go:381: id = 1,logID = 8416992125786430313,ok = true, reply = {false 10 0} args = {13 0}
2022/08/28 /Users/shangxiuneng/6.824/src/raft/raft.go:430: logID = 5784832796236552329,raft id = 2 timeout, current term 5,current status candidate
2022/08/28 /Users/shangxiuneng/6.824/src/raft/raft.go:430: logID = 4168506442670550221,raft id = 1 timeout, current term 10,current status candidate
2022/08/28 /Users/shangxiuneng/6.824/src/raft/raft.go:430: logID = 8416992125786430313,raft id = 0 timeout, current term 13,current status candidate
2022/08/28 /Users/shangxiuneng/6.824/src/raft/raft.go:186: logID = 4168506442670550221,curID = 1 curTerm = 11,argsID = 2,argsTerm = 6
2022/08/28 /Users/shangxiuneng/6.824/src/raft/raft.go:186: logID = 8416992125786430313,curID = 0 curTerm = 14,argsID = 2,argsTerm = 6
2022/08/28 /Users/shangxiuneng/6.824/src/raft/raft.go:381: id = 1,logID = 5784832796236552329,ok = true, reply = {false 11 1} args = {6 2}
2022/08/28 /Users/shangxiuneng/6.824/src/raft/raft.go:381: id = 2,logID = 4168506442670550221,ok = true, reply = {false 6 0} args = {11 1}
2022/08/28 /Users/shangxiuneng/6.824/src/raft/raft.go:381: id = 0,logID = 5784832796236552329,ok = true, reply = {false 14 0} args = {6 2}
2022/08/28 /Users/shangxiuneng/6.824/src/raft/raft.go:186: logID = 8416992125786430313,curID = 0 curTerm = 14,argsID = 1,argsTerm = 11
2022/08/28 /Users/shangxiuneng/6.824/src/raft/raft.go:381: id = 2,logID = 8416992125786430313,ok = true, reply = {false 6 0} args = {14 0}
2022/08/28 /Users/shangxiuneng/6.824/src/raft/raft.go:381: id = 1,logID = 8416992125786430313,ok = true, reply = {false 11 0} args = {14 0}
2022/08/28 /Users/shangxiuneng/6.824/src/raft/raft.go:381: id = 0,logID = 4168506442670550221,ok = true, reply = {false 14 0} args = {11 1}
2022/08/28 /Users/shangxiuneng/6.824/src/raft/raft.go:430: logID = 4168506442670550221,raft id = 1 timeout, current term 11,current status candidate
2022/08/28 /Users/shangxiuneng/6.824/src/raft/raft.go:430: logID = 5784832796236552329,raft id = 2 timeout, current term 6,current status candidate
2022/08/28 /Users/shangxiuneng/6.824/src/raft/raft.go:430: logID = 8416992125786430313,raft id = 0 timeout, current term 14,current status candidate
2022/08/28 /Users/shangxiuneng/6.824/src/raft/raft.go:186: logID = 8416992125786430313,curID = 0 curTerm = 15,argsID = 1,argsTerm = 12
2022/08/28 /Users/shangxiuneng/6.824/src/raft/raft.go:381: id = 2,logID = 4168506442670550221,ok = true, reply = {false 7 0} args = {12 1}
2022/08/28 /Users/shangxiuneng/6.824/src/raft/raft.go:186: logID = 4168506442670550221,curID = 1 curTerm = 12,argsID = 2,argsTerm = 7
2022/08/28 /Users/shangxiuneng/6.824/src/raft/raft.go:186: logID = 8416992125786430313,curID = 0 curTerm = 15,argsID = 2,argsTerm = 7
2022/08/28 /Users/shangxiuneng/6.824/src/raft/raft.go:381: id = 0,logID = 4168506442670550221,ok = true, reply = {false 15 0} args = {12 1}
2022/08/28 /Users/shangxiuneng/6.824/src/raft/raft.go:381: id = 2,logID = 8416992125786430313,ok = true, reply = {false 7 0} args = {15 0}
2022/08/28 /Users/shangxiuneng/6.824/src/raft/raft.go:381: id = 1,logID = 5784832796236552329,ok = true, reply = {false 12 1} args = {7 2}
2022/08/28 /Users/shangxiuneng/6.824/src/raft/raft.go:381: id = 0,logID = 5784832796236552329,ok = true, reply = {false 15 0} args = {7 2}
2022/08/28 /Users/shangxiuneng/6.824/src/raft/raft.go:381: id = 1,logID = 8416992125786430313,ok = true, reply = {false 12 0} args = {15 0}
2022/08/28 /Users/shangxiuneng/6.824/src/raft/raft.go:430: logID = 8416992125786430313,raft id = 0 timeout, current term 15,current status candidate
2022/08/28 /Users/shangxiuneng/6.824/src/raft/raft.go:430: logID = 4168506442670550221,raft id = 1 timeout, current term 12,current status candidate
2022/08/28 /Users/shangxiuneng/6.824/src/raft/raft.go:430: logID = 5784832796236552329,raft id = 2 timeout, current term 7,current status candidate
2022/08/28 /Users/shangxiuneng/6.824/src/raft/raft.go:186: logID = 8416992125786430313,curID = 0 curTerm = 16,argsID = 1,argsTerm = 13
2022/08/28 /Users/shangxiuneng/6.824/src/raft/raft.go:381: id = 2,logID = 4168506442670550221,ok = true, reply = {false 8 0} args = {13 1}
2022/08/28 /Users/shangxiuneng/6.824/src/raft/raft.go:186: logID = 4168506442670550221,curID = 1 curTerm = 13,argsID = 2,argsTerm = 8
2022/08/28 /Users/shangxiuneng/6.824/src/raft/raft.go:381: id = 0,logID = 4168506442670550221,ok = true, reply = {false 16 0} args = {13 1}
2022/08/28 /Users/shangxiuneng/6.824/src/raft/raft.go:186: logID = 8416992125786430313,curID = 0 curTerm = 16,argsID = 2,argsTerm = 8
2022/08/28 /Users/shangxiuneng/6.824/src/raft/raft.go:381: id = 1,logID = 5784832796236552329,ok = true, reply = {false 13 1} args = {8 2}
2022/08/28 /Users/shangxiuneng/6.824/src/raft/raft.go:381: id = 2,logID = 8416992125786430313,ok = true, reply = {false 8 0} args = {16 0}
2022/08/28 /Users/shangxiuneng/6.824/src/raft/raft.go:381: id = 1,logID = 8416992125786430313,ok = true, reply = {false 13 0} args = {16 0}
2022/08/28 /Users/shangxiuneng/6.824/src/raft/raft.go:381: id = 0,logID = 5784832796236552329,ok = true, reply = {false 16 0} args = {8 2}
2022/08/28 /Users/shangxiuneng/6.824/src/raft/raft.go:430: logID = 5784832796236552329,raft id = 2 timeout, current term 8,current status candidate
2022/08/28 /Users/shangxiuneng/6.824/src/raft/raft.go:430: logID = 4168506442670550221,raft id = 1 timeout, current term 13,current status candidate
2022/08/28 /Users/shangxiuneng/6.824/src/raft/raft.go:430: logID = 8416992125786430313,raft id = 0 timeout, current term 16,current status candidate
2022/08/28 /Users/shangxiuneng/6.824/src/raft/raft.go:186: logID = 8416992125786430313,curID = 0 curTerm = 17,argsID = 1,argsTerm = 14
2022/08/28 /Users/shangxiuneng/6.824/src/raft/raft.go:381: id = 0,logID = 4168506442670550221,ok = true, reply = {false 17 0} args = {14 1}
2022/08/28 /Users/shangxiuneng/6.824/src/raft/raft.go:381: id = 1,logID = 8416992125786430313,ok = true, reply = {false 14 0} args = {17 0}
2022/08/28 /Users/shangxiuneng/6.824/src/raft/raft.go:430: logID = 8416992125786430313,raft id = 0 timeout, current term 17,current status candidate
2022/08/28 /Users/shangxiuneng/6.824/src/raft/raft.go:430: logID = 4168506442670550221,raft id = 1 timeout, current term 14,current status candidate
2022/08/28 /Users/shangxiuneng/6.824/src/raft/raft.go:430: logID = 5784832796236552329,raft id = 2 timeout, current term 8,current status candidate
2022/08/28 /Users/shangxiuneng/6.824/src/raft/raft.go:186: logID = 8416992125786430313,curID = 0 curTerm = 18,argsID = 1,argsTerm = 15
2022/08/28 /Users/shangxiuneng/6.824/src/raft/raft.go:381: id = 1,logID = 8416992125786430313,ok = true, reply = {false 15 0} args = {18 0}
2022/08/28 /Users/shangxiuneng/6.824/src/raft/raft.go:381: id = 0,logID = 4168506442670550221,ok = true, reply = {false 18 0} args = {15 1}
2022/08/28 /Users/shangxiuneng/6.824/src/raft/raft.go:430: logID = 8416992125786430313,raft id = 0 timeout, current term 18,current status candidate
2022/08/28 /Users/shangxiuneng/6.824/src/raft/raft.go:430: logID = 4168506442670550221,raft id = 1 timeout, current term 15,current status candidate
2022/08/28 /Users/shangxiuneng/6.824/src/raft/raft.go:186: logID = 8416992125786430313,curID = 0 curTerm = 19,argsID = 1,argsTerm = 16
2022/08/28 /Users/shangxiuneng/6.824/src/raft/raft.go:381: id = 1,logID = 8416992125786430313,ok = true, reply = {false 16 0} args = {19 0}
2022/08/28 /Users/shangxiuneng/6.824/src/raft/raft.go:381: id = 0,logID = 4168506442670550221,ok = true, reply = {false 19 0} args = {16 1}
2022/08/28 /Users/shangxiuneng/6.824/src/raft/raft.go:430: logID = 4168506442670550221,raft id = 1 timeout, current term 16,current status candidate
2022/08/28 /Users/shangxiuneng/6.824/src/raft/raft.go:430: logID = 8416992125786430313,raft id = 0 timeout, current term 19,current status candidate
2022/08/28 /Users/shangxiuneng/6.824/src/raft/raft.go:186: logID = 8416992125786430313,curID = 0 curTerm = 20,argsID = 1,argsTerm = 17
2022/08/28 /Users/shangxiuneng/6.824/src/raft/raft.go:381: id = 1,logID = 8416992125786430313,ok = true, reply = {false 17 0} args = {20 0}
2022/08/28 /Users/shangxiuneng/6.824/src/raft/raft.go:381: id = 0,logID = 4168506442670550221,ok = true, reply = {false 20 0} args = {17 1}
2022/08/28 /Users/shangxiuneng/6.824/src/raft/raft.go:430: logID = 4168506442670550221,raft id = 1 timeout, current term 17,current status candidate
2022/08/28 /Users/shangxiuneng/6.824/src/raft/raft.go:430: logID = 8416992125786430313,raft id = 0 timeout, current term 20,current status candidate
2022/08/28 /Users/shangxiuneng/6.824/src/raft/raft.go:186: logID = 8416992125786430313,curID = 0 curTerm = 21,argsID = 1,argsTerm = 18
2022/08/28 /Users/shangxiuneng/6.824/src/raft/raft.go:381: id = 1,logID = 8416992125786430313,ok = true, reply = {false 18 0} args = {21 0}
2022/08/28 /Users/shangxiuneng/6.824/src/raft/raft.go:381: id = 0,logID = 4168506442670550221,ok = true, reply = {false 21 0} args = {18 1}
2022/08/28 /Users/shangxiuneng/6.824/src/raft/raft.go:430: logID = 8416992125786430313,raft id = 0 timeout, current term 21,current status candidate
2022/08/28 /Users/shangxiuneng/6.824/src/raft/raft.go:430: logID = 4168506442670550221,raft id = 1 timeout, current term 18,current status candidate
2022/08/28 /Users/shangxiuneng/6.824/src/raft/raft.go:186: logID = 8416992125786430313,curID = 0 curTerm = 22,argsID = 1,argsTerm = 19
2022/08/28 /Users/shangxiuneng/6.824/src/raft/raft.go:381: id = 1,logID = 8416992125786430313,ok = true, reply = {false 19 0} args = {22 0}
2022/08/28 /Users/shangxiuneng/6.824/src/raft/raft.go:381: id = 0,logID = 4168506442670550221,ok = true, reply = {false 22 0} args = {19 1}
2022/08/28 /Users/shangxiuneng/6.824/src/raft/raft.go:430: logID = 8416992125786430313,raft id = 0 timeout, current term 22,current status candidate
2022/08/28 /Users/shangxiuneng/6.824/src/raft/raft.go:430: logID = 4168506442670550221,raft id = 1 timeout, current term 19,current status candidate
2022/08/28 /Users/shangxiuneng/6.824/src/raft/raft.go:186: logID = 8416992125786430313,curID = 0 curTerm = 23,argsID = 1,argsTerm = 20
2022/08/28 /Users/shangxiuneng/6.824/src/raft/raft.go:381: id = 1,logID = 8416992125786430313,ok = true, reply = {false 20 0} args = {23 0}
2022/08/28 /Users/shangxiuneng/6.824/src/raft/raft.go:381: id = 0,logID = 4168506442670550221,ok = true, reply = {false 23 0} args = {20 1}
2022/08/28 /Users/shangxiuneng/6.824/src/raft/raft.go:430: logID = 8416992125786430313,raft id = 0 timeout, current term 23,current status candidate
2022/08/28 /Users/shangxiuneng/6.824/src/raft/raft.go:430: logID = 4168506442670550221,raft id = 1 timeout, current term 20,current status candidate
2022/08/28 /Users/shangxiuneng/6.824/src/raft/raft.go:381: id = 1,logID = 8416992125786430313,ok = true, reply = {false 21 0} args = {24 0}
2022/08/28 /Users/shangxiuneng/6.824/src/raft/raft.go:186: logID = 8416992125786430313,curID = 0 curTerm = 24,argsID = 1,argsTerm = 21
2022/08/28 /Users/shangxiuneng/6.824/src/raft/raft.go:381: id = 0,logID = 4168506442670550221,ok = true, reply = {false 24 0} args = {21 1}
2022/08/28 /Users/shangxiuneng/6.824/src/raft/raft.go:430: logID = 8416992125786430313,raft id = 0 timeout, current term 24,current status candidate
2022/08/28 /Users/shangxiuneng/6.824/src/raft/raft.go:430: logID = 4168506442670550221,raft id = 1 timeout, current term 21,current status candidate
2022/08/28 /Users/shangxiuneng/6.824/src/raft/raft.go:186: logID = 8416992125786430313,curID = 0 curTerm = 25,argsID = 1,argsTerm = 22
2022/08/28 /Users/shangxiuneng/6.824/src/raft/raft.go:381: id = 1,logID = 8416992125786430313,ok = true, reply = {false 22 0} args = {25 0}
2022/08/28 /Users/shangxiuneng/6.824/src/raft/raft.go:381: id = 0,logID = 4168506442670550221,ok = true, reply = {false 25 0} args = {22 1}
2022/08/28 /Users/shangxiuneng/6.824/src/raft/raft.go:430: logID = 4168506442670550221,raft id = 1 timeout, current term 22,current status candidate
2022/08/28 /Users/shangxiuneng/6.824/src/raft/raft.go:430: logID = 8416992125786430313,raft id = 0 timeout, current term 25,current status candidate
2022/08/28 /Users/shangxiuneng/6.824/src/raft/raft.go:186: logID = 8416992125786430313,curID = 0 curTerm = 26,argsID = 1,argsTerm = 23
2022/08/28 /Users/shangxiuneng/6.824/src/raft/raft.go:381: id = 1,logID = 8416992125786430313,ok = true, reply = {false 23 0} args = {26 0}
2022/08/28 /Users/shangxiuneng/6.824/src/raft/raft.go:381: id = 0,logID = 4168506442670550221,ok = true, reply = {false 26 0} args = {23 1}
2022/08/28 /Users/shangxiuneng/6.824/src/raft/raft.go:430: logID = 4168506442670550221,raft id = 1 timeout, current term 23,current status candidate
2022/08/28 /Users/shangxiuneng/6.824/src/raft/raft.go:430: logID = 8416992125786430313,raft id = 0 timeout, current term 26,current status candidate
2022/08/28 /Users/shangxiuneng/6.824/src/raft/raft.go:186: logID = 8416992125786430313,curID = 0 curTerm = 27,argsID = 1,argsTerm = 24
2022/08/28 /Users/shangxiuneng/6.824/src/raft/raft.go:381: id = 0,logID = 4168506442670550221,ok = true, reply = {false 27 0} args = {24 1}
2022/08/28 /Users/shangxiuneng/6.824/src/raft/raft.go:381: id = 1,logID = 8416992125786430313,ok = true, reply = {false 24 0} args = {27 0}
2022/08/28 /Users/shangxiuneng/6.824/src/raft/raft.go:430: logID = 8416992125786430313,raft id = 0 timeout, current term 27,current status candidate
2022/08/28 /Users/shangxiuneng/6.824/src/raft/raft.go:430: logID = 4168506442670550221,raft id = 1 timeout, current term 24,current status candidate
2022/08/28 /Users/shangxiuneng/6.824/src/raft/raft.go:186: logID = 8416992125786430313,curID = 0 curTerm = 28,argsID = 1,argsTerm = 25
2022/08/28 /Users/shangxiuneng/6.824/src/raft/raft.go:381: id = 1,logID = 8416992125786430313,ok = true, reply = {false 25 0} args = {28 0}
2022/08/28 /Users/shangxiuneng/6.824/src/raft/raft.go:381: id = 0,logID = 4168506442670550221,ok = true, reply = {false 28 0} args = {25 1}
2022/08/28 /Users/shangxiuneng/6.824/src/raft/raft.go:430: logID = 8416992125786430313,raft id = 0 timeout, current term 28,current status candidate
2022/08/28 /Users/shangxiuneng/6.824/src/raft/raft.go:430: logID = 4168506442670550221,raft id = 1 timeout, current term 25,current status candidate
2022/08/28 /Users/shangxiuneng/6.824/src/raft/raft.go:186: logID = 8416992125786430313,curID = 0 curTerm = 29,argsID = 1,argsTerm = 26
2022/08/28 /Users/shangxiuneng/6.824/src/raft/raft.go:381: id = 1,logID = 8416992125786430313,ok = true, reply = {false 26 0} args = {29 0}
2022/08/28 /Users/shangxiuneng/6.824/src/raft/raft.go:381: id = 0,logID = 4168506442670550221,ok = true, reply = {false 29 0} args = {26 1}
2022/08/28 /Users/shangxiuneng/6.824/src/raft/raft.go:430: logID = 8416992125786430313,raft id = 0 timeout, current term 29,current status candidate
2022/08/28 /Users/shangxiuneng/6.824/src/raft/raft.go:430: logID = 4168506442670550221,raft id = 1 timeout, current term 26,current status candidate
2022/08/28 /Users/shangxiuneng/6.824/src/raft/raft.go:381: id = 1,logID = 8416992125786430313,ok = true, reply = {false 27 0} args = {30 0}
2022/08/28 /Users/shangxiuneng/6.824/src/raft/raft.go:186: logID = 8416992125786430313,curID = 0 curTerm = 30,argsID = 1,argsTerm = 27
2022/08/28 /Users/shangxiuneng/6.824/src/raft/raft.go:381: id = 0,logID = 4168506442670550221,ok = true, reply = {false 30 0} args = {27 1}
2022/08/28 /Users/shangxiuneng/6.824/src/raft/raft.go:430: logID = 8416992125786430313,raft id = 0 timeout, current term 30,current status candidate
2022/08/28 /Users/shangxiuneng/6.824/src/raft/raft.go:430: logID = 4168506442670550221,raft id = 1 timeout, current term 27,current status candidate
2022/08/28 /Users/shangxiuneng/6.824/src/raft/raft.go:186: logID = 8416992125786430313,curID = 0 curTerm = 31,argsID = 1,argsTerm = 28
2022/08/28 /Users/shangxiuneng/6.824/src/raft/raft.go:381: id = 1,logID = 8416992125786430313,ok = true, reply = {false 28 0} args = {31 0}
2022/08/28 /Users/shangxiuneng/6.824/src/raft/raft.go:381: id = 0,logID = 4168506442670550221,ok = true, reply = {false 31 0} args = {28 1}
2022/08/28 /Users/shangxiuneng/6.824/src/raft/raft.go:430: logID = 4168506442670550221,raft id = 1 timeout, current term 28,current status candidate
2022/08/28 /Users/shangxiuneng/6.824/src/raft/raft.go:430: logID = 8416992125786430313,raft id = 0 timeout, current term 31,current status candidate
2022/08/28 /Users/shangxiuneng/6.824/src/raft/raft.go:186: logID = 8416992125786430313,curID = 0 curTerm = 32,argsID = 1,argsTerm = 29
2022/08/28 /Users/shangxiuneng/6.824/src/raft/raft.go:381: id = 1,logID = 8416992125786430313,ok = true, reply = {false 29 0} args = {32 0}
2022/08/28 /Users/shangxiuneng/6.824/src/raft/raft.go:381: id = 0,logID = 4168506442670550221,ok = true, reply = {false 32 0} args = {29 1}
2022/08/28 /Users/shangxiuneng/6.824/src/raft/raft.go:430: logID = 8416992125786430313,raft id = 0 timeout, current term 32,current status candidate
2022/08/28 /Users/shangxiuneng/6.824/src/raft/raft.go:430: logID = 4168506442670550221,raft id = 1 timeout, current term 29,current status candidate
2022/08/28 /Users/shangxiuneng/6.824/src/raft/raft.go:186: logID = 8416992125786430313,curID = 0 curTerm = 33,argsID = 1,argsTerm = 30
2022/08/28 /Users/shangxiuneng/6.824/src/raft/raft.go:381: id = 1,logID = 8416992125786430313,ok = true, reply = {false 30 0} args = {33 0}
2022/08/28 /Users/shangxiuneng/6.824/src/raft/raft.go:381: id = 0,logID = 4168506442670550221,ok = true, reply = {false 33 0} args = {30 1}
2022/08/28 /Users/shangxiuneng/6.824/src/raft/raft.go:430: logID = 8416992125786430313,raft id = 0 timeout, current term 33,current status candidate
2022/08/28 /Users/shangxiuneng/6.824/src/raft/raft.go:430: logID = 4168506442670550221,raft id = 1 timeout, current term 30,current status candidate
2022/08/28 /Users/shangxiuneng/6.824/src/raft/raft.go:186: logID = 8416992125786430313,curID = 0 curTerm = 34,argsID = 1,argsTerm = 31
2022/08/28 /Users/shangxiuneng/6.824/src/raft/raft.go:381: id = 1,logID = 8416992125786430313,ok = true, reply = {false 31 0} args = {34 0}
2022/08/28 /Users/shangxiuneng/6.824/src/raft/raft.go:381: id = 0,logID = 4168506442670550221,ok = true, reply = {false 34 0} args = {31 1}
2022/08/28 /Users/shangxiuneng/6.824/src/raft/raft.go:430: logID = 8416992125786430313,raft id = 0 timeout, current term 34,current status candidate
2022/08/28 /Users/shangxiuneng/6.824/src/raft/raft.go:430: logID = 4168506442670550221,raft id = 1 timeout, current term 31,current status candidate
2022/08/28 /Users/shangxiuneng/6.824/src/raft/raft.go:186: logID = 8416992125786430313,curID = 0 curTerm = 35,argsID = 1,argsTerm = 32
2022/08/28 /Users/shangxiuneng/6.824/src/raft/raft.go:381: id = 1,logID = 8416992125786430313,ok = true, reply = {false 32 0} args = {35 0}
2022/08/28 /Users/shangxiuneng/6.824/src/raft/raft.go:381: id = 0,logID = 4168506442670550221,ok = true, reply = {false 35 0} args = {32 1}
2022/08/28 /Users/shangxiuneng/6.824/src/raft/raft.go:430: logID = 4168506442670550221,raft id = 1 timeout, current term 32,current status candidate
2022/08/28 /Users/shangxiuneng/6.824/src/raft/raft.go:430: logID = 8416992125786430313,raft id = 0 timeout, current term 35,current status candidate
2022/08/28 /Users/shangxiuneng/6.824/src/raft/raft.go:186: logID = 8416992125786430313,curID = 0 curTerm = 36,argsID = 1,argsTerm = 33
2022/08/28 /Users/shangxiuneng/6.824/src/raft/raft.go:381: id = 1,logID = 8416992125786430313,ok = true, reply = {false 33 0} args = {36 0}
2022/08/28 /Users/shangxiuneng/6.824/src/raft/raft.go:381: id = 0,logID = 4168506442670550221,ok = true, reply = {false 36 0} args = {33 1}
2022/08/28 /Users/shangxiuneng/6.824/src/raft/raft.go:430: logID = 4168506442670550221,raft id = 1 timeout, current term 33,current status candidate
2022/08/28 /Users/shangxiuneng/6.824/src/raft/raft.go:430: logID = 8416992125786430313,raft id = 0 timeout, current term 36,current status candidate
2022/08/28 /Users/shangxiuneng/6.824/src/raft/raft.go:186: logID = 8416992125786430313,curID = 0 curTerm = 37,argsID = 1,argsTerm = 34
2022/08/28 /Users/shangxiuneng/6.824/src/raft/raft.go:381: id = 0,logID = 4168506442670550221,ok = true, reply = {false 37 0} args = {34 1}
2022/08/28 /Users/shangxiuneng/6.824/src/raft/raft.go:381: id = 1,logID = 8416992125786430313,ok = true, reply = {false 34 0} args = {37 0}
2022/08/28 /Users/shangxiuneng/6.824/src/raft/raft.go:430: logID = 4168506442670550221,raft id = 1 timeout, current term 34,current status candidate
2022/08/28 /Users/shangxiuneng/6.824/src/raft/raft.go:430: logID = 8416992125786430313,raft id = 0 timeout, current term 37,current status candidate
2022/08/28 /Users/shangxiuneng/6.824/src/raft/raft.go:186: logID = 8416992125786430313,curID = 0 curTerm = 38,argsID = 1,argsTerm = 35
2022/08/28 /Users/shangxiuneng/6.824/src/raft/raft.go:381: id = 0,logID = 4168506442670550221,ok = true, reply = {false 38 0} args = {35 1}
2022/08/28 /Users/shangxiuneng/6.824/src/raft/raft.go:381: id = 1,logID = 8416992125786430313,ok = true, reply = {false 35 0} args = {38 0}
2022/08/28 /Users/shangxiuneng/6.824/src/raft/raft.go:430: logID = 8416992125786430313,raft id = 0 timeout, current term 38,current status candidate
2022/08/28 /Users/shangxiuneng/6.824/src/raft/raft.go:430: logID = 4168506442670550221,raft id = 1 timeout, current term 35,current status candidate
2022/08/28 /Users/shangxiuneng/6.824/src/raft/raft.go:186: logID = 8416992125786430313,curID = 0 curTerm = 39,argsID = 1,argsTerm = 36
2022/08/28 /Users/shangxiuneng/6.824/src/raft/raft.go:381: id = 0,logID = 4168506442670550221,ok = true, reply = {false 39 0} args = {36 1}
2022/08/28 /Users/shangxiuneng/6.824/src/raft/raft.go:381: id = 1,logID = 8416992125786430313,ok = true, reply = {false 36 0} args = {39 0}
2022/08/28 /Users/shangxiuneng/6.824/src/raft/raft.go:430: logID = 8416992125786430313,raft id = 0 timeout, current term 39,current status candidate
2022/08/28 /Users/shangxiuneng/6.824/src/raft/raft.go:430: logID = 4168506442670550221,raft id = 1 timeout, current term 36,current status candidate
2022/08/28 /Users/shangxiuneng/6.824/src/raft/raft.go:186: logID = 8416992125786430313,curID = 0 curTerm = 40,argsID = 1,argsTerm = 37
2022/08/28 /Users/shangxiuneng/6.824/src/raft/raft.go:381: id = 0,logID = 4168506442670550221,ok = true, reply = {false 40 0} args = {37 1}
2022/08/28 /Users/shangxiuneng/6.824/src/raft/raft.go:381: id = 1,logID = 8416992125786430313,ok = true, reply = {false 37 0} args = {40 0}
2022/08/28 /Users/shangxiuneng/6.824/src/raft/raft.go:430: logID = 8416992125786430313,raft id = 0 timeout, current term 40,current status candidate
2022/08/28 /Users/shangxiuneng/6.824/src/raft/raft.go:430: logID = 4168506442670550221,raft id = 1 timeout, current term 37,current status candidate
2022/08/28 /Users/shangxiuneng/6.824/src/raft/raft.go:186: logID = 8416992125786430313,curID = 0 curTerm = 41,argsID = 1,argsTerm = 38
2022/08/28 /Users/shangxiuneng/6.824/src/raft/raft.go:381: id = 1,logID = 8416992125786430313,ok = true, reply = {false 38 0} args = {41 0}
2022/08/28 /Users/shangxiuneng/6.824/src/raft/raft.go:381: id = 0,logID = 4168506442670550221,ok = true, reply = {false 41 0} args = {38 1}
2022/08/28 /Users/shangxiuneng/6.824/src/raft/raft.go:430: logID = 8416992125786430313,raft id = 0 timeout, current term 41,current status candidate
2022/08/28 /Users/shangxiuneng/6.824/src/raft/raft.go:430: logID = 4168506442670550221,raft id = 1 timeout, current term 38,current status candidate
2022/08/28 /Users/shangxiuneng/6.824/src/raft/raft.go:186: logID = 8416992125786430313,curID = 0 curTerm = 42,argsID = 1,argsTerm = 39
2022/08/28 /Users/shangxiuneng/6.824/src/raft/raft.go:381: id = 1,logID = 8416992125786430313,ok = true, reply = {false 39 0} args = {42 0}
2022/08/28 /Users/shangxiuneng/6.824/src/raft/raft.go:381: id = 0,logID = 4168506442670550221,ok = true, reply = {false 42 0} args = {39 1}
2022/08/28 /Users/shangxiuneng/6.824/src/raft/raft.go:430: logID = 8416992125786430313,raft id = 0 timeout, current term 42,current status candidate
2022/08/28 /Users/shangxiuneng/6.824/src/raft/raft.go:430: logID = 4168506442670550221,raft id = 1 timeout, current term 39,current status candidate
2022/08/28 /Users/shangxiuneng/6.824/src/raft/raft.go:381: id = 1,logID = 8416992125786430313,ok = true, reply = {false 40 0} args = {43 0}
2022/08/28 /Users/shangxiuneng/6.824/src/raft/raft.go:186: logID = 8416992125786430313,curID = 0 curTerm = 43,argsID = 1,argsTerm = 40
2022/08/28 /Users/shangxiuneng/6.824/src/raft/raft.go:381: id = 0,logID = 4168506442670550221,ok = true, reply = {false 43 0} args = {40 1}
2022/08/28 /Users/shangxiuneng/6.824/src/raft/raft.go:430: logID = 4168506442670550221,raft id = 1 timeout, current term 40,current status candidate
2022/08/28 /Users/shangxiuneng/6.824/src/raft/raft.go:430: logID = 8416992125786430313,raft id = 0 timeout, current term 43,current status candidate
2022/08/28 /Users/shangxiuneng/6.824/src/raft/raft.go:186: logID = 8416992125786430313,curID = 0 curTerm = 44,argsID = 1,argsTerm = 41
2022/08/28 /Users/shangxiuneng/6.824/src/raft/raft.go:381: id = 1,logID = 8416992125786430313,ok = true, reply = {false 41 0} args = {44 0}
2022/08/28 /Users/shangxiuneng/6.824/src/raft/raft.go:381: id = 0,logID = 4168506442670550221,ok = true, reply = {false 44 0} args = {41 1}
2022/08/28 /Users/shangxiuneng/6.824/src/raft/raft.go:430: logID = 4168506442670550221,raft id = 1 timeout, current term 41,current status candidate
2022/08/28 /Users/shangxiuneng/6.824/src/raft/raft.go:430: logID = 8416992125786430313,raft id = 0 timeout, current term 44,current status candidate
2022/08/28 /Users/shangxiuneng/6.824/src/raft/raft.go:186: logID = 8416992125786430313,curID = 0 curTerm = 45,argsID = 1,argsTerm = 42
2022/08/28 /Users/shangxiuneng/6.824/src/raft/raft.go:381: id = 1,logID = 8416992125786430313,ok = true, reply = {false 42 0} args = {45 0}
2022/08/28 /Users/shangxiuneng/6.824/src/raft/raft.go:381: id = 0,logID = 4168506442670550221,ok = true, reply = {false 45 0} args = {42 1}
2022/08/28 /Users/shangxiuneng/6.824/src/raft/raft.go:430: logID = 4168506442670550221,raft id = 1 timeout, current term 42,current status candidate
2022/08/28 /Users/shangxiuneng/6.824/src/raft/raft.go:430: logID = 8416992125786430313,raft id = 0 timeout, current term 45,current status candidate
2022/08/28 /Users/shangxiuneng/6.824/src/raft/raft.go:186: logID = 8416992125786430313,curID = 0 curTerm = 45,argsID = 1,argsTerm = 43
2022/08/28 /Users/shangxiuneng/6.824/src/raft/raft.go:381: id = 0,logID = 4168506442670550221,ok = true, reply = {false 45 0} args = {43 1}
2022/08/28 /Users/shangxiuneng/6.824/src/raft/raft.go:381: id = 1,logID = 8416992125786430313,ok = true, reply = {false 43 0} args = {46 0}
2022/08/28 /Users/shangxiuneng/6.824/src/raft/raft.go:430: logID = 4168506442670550221,raft id = 1 timeout, current term 43,current status candidate
2022/08/28 /Users/shangxiuneng/6.824/src/raft/raft.go:430: logID = 8416992125786430313,raft id = 0 timeout, current term 46,current status candidate
2022/08/28 /Users/shangxiuneng/6.824/src/raft/raft.go:186: logID = 8416992125786430313,curID = 0 curTerm = 47,argsID = 1,argsTerm = 44
2022/08/28 /Users/shangxiuneng/6.824/src/raft/raft.go:381: id = 1,logID = 8416992125786430313,ok = true, reply = {false 44 0} args = {47 0}
2022/08/28 /Users/shangxiuneng/6.824/src/raft/raft.go:381: id = 0,logID = 4168506442670550221,ok = true, reply = {false 47 0} args = {44 1}
2022/08/28 /Users/shangxiuneng/6.824/src/raft/raft.go:430: logID = 4168506442670550221,raft id = 1 timeout, current term 44,current status candidate
2022/08/28 /Users/shangxiuneng/6.824/src/raft/raft.go:430: logID = 8416992125786430313,raft id = 0 timeout, current term 47,current status candidate
2022/08/28 /Users/shangxiuneng/6.824/src/raft/raft.go:186: logID = 8416992125786430313,curID = 0 curTerm = 48,argsID = 1,argsTerm = 45
2022/08/28 /Users/shangxiuneng/6.824/src/raft/raft.go:381: id = 0,logID = 4168506442670550221,ok = true, reply = {false 48 0} args = {45 1}
2022/08/28 /Users/shangxiuneng/6.824/src/raft/raft.go:381: id = 1,logID = 8416992125786430313,ok = true, reply = {false 45 0} args = {48 0}
2022/08/28 /Users/shangxiuneng/6.824/src/raft/raft.go:430: logID = 4168506442670550221,raft id = 1 timeout, current term 45,current status candidate
2022/08/28 /Users/shangxiuneng/6.824/src/raft/raft.go:430: logID = 8416992125786430313,raft id = 0 timeout, current term 48,current status candidate
2022/08/28 /Users/shangxiuneng/6.824/src/raft/raft.go:186: logID = 8416992125786430313,curID = 0 curTerm = 49,argsID = 1,argsTerm = 46
2022/08/28 /Users/shangxiuneng/6.824/src/raft/raft.go:381: id = 1,logID = 8416992125786430313,ok = true, reply = {false 46 0} args = {49 0}
2022/08/28 /Users/shangxiuneng/6.824/src/raft/raft.go:381: id = 0,logID = 4168506442670550221,ok = true, reply = {false 49 0} args = {46 1}
2022/08/28 /Users/shangxiuneng/6.824/src/raft/raft.go:430: logID = 4168506442670550221,raft id = 1 timeout, current term 46,current status candidate
2022/08/28 /Users/shangxiuneng/6.824/src/raft/raft.go:430: logID = 8416992125786430313,raft id = 0 timeout, current term 49,current status candidate
2022/08/28 /Users/shangxiuneng/6.824/src/raft/raft.go:186: logID = 8416992125786430313,curID = 0 curTerm = 50,argsID = 1,argsTerm = 47
2022/08/28 /Users/shangxiuneng/6.824/src/raft/raft.go:381: id = 0,logID = 4168506442670550221,ok = true, reply = {false 50 0} args = {47 1}
2022/08/28 /Users/shangxiuneng/6.824/src/raft/raft.go:381: id = 1,logID = 8416992125786430313,ok = true, reply = {false 47 0} args = {50 0}
